<?xml version="1.0" encoding="UTF-8"?>
<!-- Generated by org.testng.reporters.JUnitXMLReporter -->
<testsuite hostname="DESKTOP-U76KVEG" name="login problem_user " tests="1" failures="1" timestamp="18 Mar 2023 17:15:40 GMT" time="2.25" errors="0">
  <testcase name="loginDataDriventest" time="0.002" classname="sauceDemoTestNgTest.LoginDatadriven">
    <failure type="java.lang.NullPointerException">
      <![CDATA[java.lang.NullPointerException
	at sauceDemoElementsNG.NgLoginElementSauceDemo.findUserName(NgLoginElementSauceDemo.java:15)
	at sauceDemoTestNgTest.LoginDatadriven.loginDataDriventest(LoginDatadriven.java:46)
... Removed 24 stack frames]]>
    </failure>
  </testcase> <!-- loginDataDriventest -->
</testsuite> <!-- login problem_user  -->
