<?xml version="1.0" encoding="UTF-8"?>
<!-- Generated by org.testng.reporters.JUnitXMLReporter -->
<testsuite hostname="DESKTOP-U76KVEG" name="Default test" tests="5" failures="0" timestamp="17 Mar 2023 13:34:27 GMT" time="2.945" errors="0">
  <testcase name="testLogin" time="0.0" classname="sauceDemoTestNgTest.EndToEndTesting">
    <skipped/>
  </testcase> <!-- testLogin -->
  <testcase name="testInventory" time="0.0" classname="sauceDemoTestNgTest.EndToEndTesting">
    <skipped/>
  </testcase> <!-- testInventory -->
  <testcase name="testCartPage" time="0.0" classname="sauceDemoTestNgTest.EndToEndTesting">
    <skipped/>
  </testcase> <!-- testCartPage -->
  <testcase name="testCheckOutStepOne" time="0.0" classname="sauceDemoTestNgTest.EndToEndTesting">
    <skipped/>
  </testcase> <!-- testCheckOutStepOne -->
  <testcase name="testCheckOutStepTwo" time="0.0" classname="sauceDemoTestNgTest.EndToEndTesting">
    <skipped/>
  </testcase> <!-- testCheckOutStepTwo -->
</testsuite> <!-- Default test -->
